2019-09-28T00:13:34+02:00 ERROR OpPost Array
(
    [0] => 23000
    [1] => 1048
    [2] => Column 'schoolyearid' cannot be null
)

2019-09-28T00:15:47+02:00 ERROR OpPost Array
(
    [0] => 23000
    [1] => 1048
    [2] => Column 'schoolyearid' cannot be null
)

2019-09-28T00:27:15+02:00 ERROR OpPost Array
(
    [0] => 42000
    [1] => 1064
    [2] => You have an error in your SQL syntax; check the manual that corresponds to your MariaDB server version for the right syntax to use near 'men Ibrahim Mo'men','2007-01-30','عنوان الطالب - منطقة - شار' at line 1
)

2019-09-28T00:27:16+02:00 ERROR OpPost Array
(
    [0] => 42000
    [1] => 1064
    [2] => You have an error in your SQL syntax; check the manual that corresponds to your MariaDB server version for the right syntax to use near 'rob','2011-11-16','عنوان الطالب - منطقة - شارع - اقامة'' at line 1
)

2019-09-28T00:27:16+02:00 ERROR OpPost Array
(
    [0] => 42000
    [1] => 1064
    [2] => You have an error in your SQL syntax; check the manual that corresponds to your MariaDB server version for the right syntax to use near 'a nahad mahmoud al shaer','2008-06-17','عنوان الطالب - منطقة - ' at line 1
)

2019-09-28T00:27:16+02:00 ERROR OpPost Array
(
    [0] => 42000
    [1] => 1064
    [2] => You have an error in your SQL syntax; check the manual that corresponds to your MariaDB server version for the right syntax to use near 'tasim Bellah Mohammed Wajih Mohammed Ahmed','2012-07-15','عنوان الطال' at line 1
)

2019-09-28T00:27:16+02:00 ERROR OpPost Array
(
    [0] => 42000
    [1] => 1064
    [2] => You have an error in your SQL syntax; check the manual that corresponds to your MariaDB server version for the right syntax to use near 'am Mohamed Abdullah Hassan Qutb','2011-09-25','عنوان الطالب - منط' at line 1
)

2019-09-28T00:27:16+02:00 ERROR OpPost Array
(
    [0] => 42000
    [1] => 1064
    [2] => You have an error in your SQL syntax; check the manual that corresponds to your MariaDB server version for the right syntax to use near 'adh Mohammed Rabee Abdul Hamid Salem','2012-10-19','عنوان الطالب - م' at line 1
)

2019-09-28T00:27:16+02:00 ERROR OpPost Array
(
    [0] => 42000
    [1] => 1064
    [2] => You have an error in your SQL syntax; check the manual that corresponds to your MariaDB server version for the right syntax to use near 'Abd Al - Jaid Hussein','2006-06-25','عنوان الطالب - منطقة - شا' at line 1
)

2019-09-28T00:27:16+02:00 ERROR OpPost Array
(
    [0] => 42000
    [1] => 1064
    [2] => You have an error in your SQL syntax; check the manual that corresponds to your MariaDB server version for the right syntax to use near 'men Ibrahim Mo'men','2003-01-14','عنوان الطالب - منطقة - شار' at line 1
)

2019-09-28T00:27:16+02:00 ERROR OpPost Array
(
    [0] => 42000
    [1] => 1064
    [2] => You have an error in your SQL syntax; check the manual that corresponds to your MariaDB server version for the right syntax to use near 'i','2012-12-15','عنوان الطالب - منطقة - شارع - اقامة','' at line 1
)

2019-09-28T00:27:17+02:00 ERROR OpPost Array
(
    [0] => 42000
    [1] => 1064
    [2] => You have an error in your SQL syntax; check the manual that corresponds to your MariaDB server version for the right syntax to use near 'awi','2009-05-04','عنوان الطالب - منطقة - شارع - اقامة'' at line 1
)

2019-09-28T00:27:17+02:00 ERROR OpPost Array
(
    [0] => 42000
    [1] => 1064
    [2] => You have an error in your SQL syntax; check the manual that corresponds to your MariaDB server version for the right syntax to use near 'ath on Al - Qurashi','2012-05-14','عنوان الطالب - منطقة - شار' at line 1
)

2019-09-28T00:32:31+02:00 ERROR OpPost Array
(
    [0] => 42000
    [1] => 1064
    [2] => You have an error in your SQL syntax; check the manual that corresponds to your MariaDB server version for the right syntax to use near 'Abd Al - Jaid Hussein','2006-06-25','عنوان الطالب - منطقة - شا' at line 1
)

2019-09-28T00:50:28+02:00 ERROR OpPost Array
(
    [0] => 42000
    [1] => 1064
    [2] => You have an error in your SQL syntax; check the manual that corresponds to your MariaDB server version for the right syntax to use near 'يسرا عبدالمرضى ايمن اللقب'',''Yousra Ayman Abdelmaree \'Ab' at line 1
)

